Alan512,s1_psnr: 20,s2_psnr: 19.899952129900043, size:5710896 bits
Alan512_768,s1_psnr: 12,s2_psnr: 11.90807302433474, size:10196696 bits
Baboon512,s1_psnr: 21,s2_psnr: 21.364344599047985, size:8350520 bits
Barbara512,s1_psnr: 20,s2_psnr: 20.487065812942692, size:7209888 bits
Boat512,s1_psnr: 24,s2_psnr: 24.610403940607707, size:5754808 bits
body512_2,s1_psnr: 18,s2_psnr: 15.579956945938351, size:7982608 bits
F16_512,s1_psnr: 24,s2_psnr: 24.988242229532798, size:5199608 bits
flower512,s1_psnr: 27,s2_psnr: 27.88805985022023, size:5469024 bits
fruits512,s1_psnr: 25,s2_psnr: 25.624156451462866, size:8527928 bits
GoldHill512,s1_psnr: 26,s2_psnr: 26.62565726301258, size:6620688 bits
head512,s1_psnr: 19,s2_psnr: 17.501818138178436, size:8096232 bits
ImageBook512,s1_psnr: 26,s2_psnr: 26.825819351429377, size:4430480 bits
ImgBook512,s1_psnr: 26,s2_psnr: 26.444824370731155, size:5023992 bits
Jet(F14)512,s1_psnr: 23,s2_psnr: 23.62779709851734, size:6193472 bits
lena,s1_psnr: 26,s2_psnr: 27.15600008575326, size:5454640 bits
lena5,s1_psnr: 29,s2_psnr: 29.04227995897609, size:6899096 bits
Lena512,s1_psnr: 27,s2_psnr: 27.433101869863684, size:5433216 bits
Magazine512,s1_psnr: 29,s2_psnr: 29.66066459005575, size:5068624 bits
palyBoat512,s1_psnr: 24,s2_psnr: 24.819168110466634, size:6339808 bits
pens512,s1_psnr: 24,s2_psnr: 24.52923705650528, size:6766064 bits
Pepper512,s1_psnr: 27,s2_psnr: 27.840060476703226, size:5417112 bits
playboat512,s1_psnr: 24,s2_psnr: 24.819168110466634, size:6339808 bits
Sailboat512,s1_psnr: 22,s2_psnr: 22.314328774184613, size:7009976 bits
splash512,s1_psnr: 24,s2_psnr: 25.012055854836408, size:4985808 bits
Tiffany512,s1_psnr: 24,s2_psnr: 23.9396097451747, size:5135056 bits
Toys512,s1_psnr: 24,s2_psnr: 24.28877636342635, size:5310944 bits
watch512,s1_psnr: 27,s2_psnr: 27.053719970700854, size:4847904 bits
Zelda512,s1_psnr: 33,s2_psnr: 33.95710780659166, size:4227488 bits
